8.1.0 02-09-2020 20:47:26 Starting new session. Mods: examplemod 
8.1.0 02-09-2020 20:47:48 MAJOR: null: Loading language: en_us
8.1.0 02-09-2020 20:47:52 MAJOR: null: LanguageData loaded: en_us. Wand invitem name: Wand of Summoning
8.1.0 02-09-2020 21:05:11 Starting new session. Mods: examplemod 
8.1.0 02-09-2020 21:05:40 MAJOR: null: Loading language: en_us
8.1.0 02-09-2020 21:05:47 MAJOR: null: LanguageData loaded: en_us. Wand invitem name: Wand of Summoning
8.1.0 02-09-2020 21:54:43 Starting new session. Mods: examplemod 
8.1.0 02-09-2020 21:55:11 MAJOR: null: Loading language: en_us
8.1.0 02-09-2020 21:55:13 MAJOR: null: LanguageData loaded: en_us. Wand invitem name: Wand of Summoning
8.1.0 02-09-2020 21:56:36 Starting new session. Mods: examplemod 
8.1.0 02-09-2020 21:57:03 MAJOR: null: Loading language: en_us
8.1.0 02-09-2020 21:57:05 MAJOR: null: LanguageData loaded: en_us. Wand invitem name: Wand of Summoning
8.1.0 02-09-2020 22:06:17 Starting new session. Mods: examplemod 
8.1.0 02-09-2020 22:06:45 MAJOR: null: Loading language: en_us
8.1.0 02-09-2020 22:06:47 MAJOR: null: LanguageData loaded: en_us. Wand invitem name: Wand of Summoning
8.1.0 03-09-2020 22:02:27 Starting new session. Mods: examplemod 
8.1.0 03-09-2020 22:03:13 MAJOR: null: Loading language: en_us
8.1.0 03-09-2020 22:03:26 MAJOR: null: LanguageData loaded: en_us. Wand invitem name: Wand of Summoning
8.1.0 03-09-2020 22:11:04 Starting new session. Mods: examplemod 
8.1.0 03-09-2020 22:14:00 Starting new session. Mods: examplemod 
8.1.0 03-09-2020 22:15:17 Starting new session. Mods: examplemod 
8.1.0 03-09-2020 22:16:14 Starting new session. Mods: examplemod 
8.1.0 03-09-2020 22:16:41 MAJOR: null: Loading language: en_us
8.1.0 03-09-2020 22:16:43 MAJOR: null: LanguageData loaded: en_us. Wand invitem name: Wand of Summoning
8.1.0 03-09-2020 22:17:27 Starting new session. Mods: examplemod 
8.1.0 03-09-2020 22:17:54 MAJOR: null: Loading language: en_us
8.1.0 03-09-2020 22:17:56 MAJOR: null: LanguageData loaded: en_us. Wand invitem name: Wand of Summoning
8.1.0 03-09-2020 22:20:50 Starting new session. Mods: examplemod 
8.1.0 03-09-2020 22:21:44 Starting new session. Mods: examplemod 
8.1.0 03-09-2020 22:22:13 MAJOR: null: Loading language: en_us
8.1.0 03-09-2020 22:22:15 MAJOR: null: LanguageData loaded: en_us. Wand invitem name: Wand of Summoning
8.1.0 03-09-2020 22:25:01 Starting new session. Mods: examplemod 
8.1.0 03-09-2020 22:27:08 Starting new session. Mods: examplemod 
8.1.0 03-09-2020 22:27:38 MAJOR: null: Loading language: en_us
8.1.0 03-09-2020 22:27:40 MAJOR: null: LanguageData loaded: en_us. Wand invitem name: Wand of Summoning
8.1.0 03-09-2020 22:34:49 Starting new session. Mods: examplemod 
8.1.0 03-09-2020 22:35:21 MAJOR: null: Loading language: en_us
8.1.0 03-09-2020 22:35:23 MAJOR: null: LanguageData loaded: en_us. Wand invitem name: Wand of Summoning
8.1.0 03-09-2020 22:41:58 Starting new session. Mods: examplemod 
8.1.0 03-09-2020 22:42:25 MAJOR: null: Loading language: en_us
8.1.0 03-09-2020 22:42:27 MAJOR: null: LanguageData loaded: en_us. Wand invitem name: Wand of Summoning
8.1.0 03-09-2020 22:43:02 MAJOR: null: Name of player with UUID '36925621-a2a1-4a04-8bc7-5bf4e449c92d' changed from 'null' to 'TisKish'.
8.1.0 03-09-2020 23:12:22 Starting new session. Mods: examplemod 
8.1.0 03-09-2020 23:18:56 Starting new session. Mods: examplemod 
8.1.0 03-09-2020 23:19:22 MAJOR: null: Loading language: en_us
8.1.0 03-09-2020 23:19:24 MAJOR: null: LanguageData loaded: en_us. Wand invitem name: Wand of Summoning
8.1.0 04-09-2020 01:52:29 ERROR: org.millenaire.client.network.ClientReceiver@2487ef8f: Received a packet despite null clientWorld.
8.1.0 04-09-2020 01:52:29 ERROR: org.millenaire.client.network.ClientReceiver@2487ef8f: Received a packet despite null clientWorld.
8.1.0 04-09-2020 01:52:29 ERROR: org.millenaire.client.network.ClientReceiver@2487ef8f: Received a packet despite null clientWorld.
8.1.0 04-09-2020 01:52:29 ERROR: org.millenaire.client.network.ClientReceiver@2487ef8f: Received a packet despite null clientWorld.
8.1.0 04-09-2020 01:52:29 ERROR: org.millenaire.client.network.ClientReceiver@2487ef8f: Received a packet despite null clientWorld.
8.1.0 04-09-2020 01:52:29 ERROR: org.millenaire.client.network.ClientReceiver@2487ef8f: Received a packet despite null clientWorld.
8.1.0 04-09-2020 01:52:29 ERROR: org.millenaire.client.network.ClientReceiver@2487ef8f: Received a packet despite null clientWorld.
8.1.0 04-09-2020 01:52:29 ERROR: org.millenaire.client.network.ClientReceiver@2487ef8f: Received a packet despite null clientWorld.
8.1.0 04-09-2020 01:52:29 ERROR: org.millenaire.client.network.ClientReceiver@2487ef8f: Received a packet despite null clientWorld.
8.1.0 04-09-2020 01:52:29 ERROR: org.millenaire.client.network.ClientReceiver@2487ef8f: Received a packet despite null clientWorld.
8.1.0 04-09-2020 01:52:29 ERROR: org.millenaire.client.network.ClientReceiver@2487ef8f: Received a packet despite null clientWorld.
8.1.0 04-09-2020 01:52:29 ERROR: org.millenaire.client.network.ClientReceiver@2487ef8f: Received a packet despite null clientWorld.
8.1.0 04-09-2020 01:52:29 ERROR: org.millenaire.client.network.ClientReceiver@2487ef8f: Received a packet despite null clientWorld.
8.1.0 04-09-2020 01:52:29 ERROR: org.millenaire.client.network.ClientReceiver@2487ef8f: Received a packet despite null clientWorld.
8.1.0 04-09-2020 01:52:29 ERROR: org.millenaire.client.network.ClientReceiver@2487ef8f: Received a packet despite null clientWorld.
8.1.0 04-09-2020 01:52:29 ERROR: org.millenaire.client.network.ClientReceiver@2487ef8f: Received a packet despite null clientWorld.
8.1.0 04-09-2020 01:52:29 ERROR: org.millenaire.client.network.ClientReceiver@2487ef8f: Received a packet despite null clientWorld.
8.1.0 04-09-2020 01:52:29 ERROR: org.millenaire.client.network.ClientReceiver@2487ef8f: Received a packet despite null clientWorld.
8.1.0 04-09-2020 01:52:29 ERROR: org.millenaire.client.network.ClientReceiver@2487ef8f: Received a packet despite null clientWorld.
8.1.0 04-09-2020 01:52:29 ERROR: org.millenaire.client.network.ClientReceiver@2487ef8f: Received a packet despite null clientWorld.
8.1.0 04-09-2020 01:52:29 ERROR: org.millenaire.client.network.ClientReceiver@2487ef8f: Received a packet despite null clientWorld.
8.1.0 04-09-2020 01:52:29 ERROR: org.millenaire.client.network.ClientReceiver@2487ef8f: Received a packet despite null clientWorld.
8.1.0 04-09-2020 01:52:29 ERROR: org.millenaire.client.network.ClientReceiver@2487ef8f: Received a packet despite null clientWorld.
8.1.0 04-09-2020 01:52:29 ERROR: org.millenaire.client.network.ClientReceiver@2487ef8f: Received a packet despite null clientWorld.
8.1.0 04-09-2020 01:52:29 ERROR: org.millenaire.client.network.ClientReceiver@2487ef8f: Received a packet despite null clientWorld.
8.1.0 04-09-2020 01:52:29 ERROR: org.millenaire.client.network.ClientReceiver@2487ef8f: Received a packet despite null clientWorld.
8.1.0 04-09-2020 01:52:29 ERROR: org.millenaire.client.network.ClientReceiver@2487ef8f: Received a packet despite null clientWorld.
8.1.0 04-09-2020 01:52:29 ERROR: org.millenaire.client.network.ClientReceiver@2487ef8f: Received a packet despite null clientWorld.
8.1.0 04-09-2020 01:52:29 ERROR: org.millenaire.client.network.ClientReceiver@2487ef8f: Received a packet despite null clientWorld.
8.1.0 04-09-2020 01:52:29 ERROR: org.millenaire.client.network.ClientReceiver@2487ef8f: Received a packet despite null clientWorld.
8.1.0 04-09-2020 01:52:29 ERROR: org.millenaire.client.network.ClientReceiver@2487ef8f: Received a packet despite null clientWorld.
8.1.0 04-09-2020 01:52:29 ERROR: org.millenaire.client.network.ClientReceiver@2487ef8f: Received a packet despite null clientWorld.
8.1.0 04-09-2020 01:52:29 ERROR: org.millenaire.client.network.ClientReceiver@2487ef8f: Received a packet despite null clientWorld.
8.1.0 04-09-2020 01:52:29 ERROR: org.millenaire.client.network.ClientReceiver@2487ef8f: Received a packet despite null clientWorld.
8.1.0 04-09-2020 01:52:29 ERROR: org.millenaire.client.network.ClientReceiver@2487ef8f: Received a packet despite null clientWorld.
8.1.0 04-09-2020 01:52:29 ERROR: org.millenaire.client.network.ClientReceiver@2487ef8f: Received a packet despite null clientWorld.
8.1.0 04-09-2020 01:52:29 ERROR: org.millenaire.client.network.ClientReceiver@2487ef8f: Received a packet despite null clientWorld.
8.1.0 04-09-2020 01:52:29 ERROR: org.millenaire.client.network.ClientReceiver@2487ef8f: Received a packet despite null clientWorld.
8.1.0 04-09-2020 01:52:29 ERROR: org.millenaire.client.network.ClientReceiver@2487ef8f: Received a packet despite null clientWorld.
8.1.0 04-09-2020 01:52:29 ERROR: org.millenaire.client.network.ClientReceiver@2487ef8f: Received a packet despite null clientWorld.
8.1.0 04-09-2020 01:52:29 ERROR: org.millenaire.client.network.ClientReceiver@2487ef8f: Received a packet despite null clientWorld.
8.1.0 04-09-2020 01:52:29 ERROR: org.millenaire.client.network.ClientReceiver@2487ef8f: Received a packet despite null clientWorld.
8.1.0 04-09-2020 01:52:29 ERROR: org.millenaire.client.network.ClientReceiver@2487ef8f: Received a packet despite null clientWorld.
8.1.0 04-09-2020 01:52:29 ERROR: org.millenaire.client.network.ClientReceiver@2487ef8f: Received a packet despite null clientWorld.
8.1.0 04-09-2020 01:52:29 ERROR: org.millenaire.client.network.ClientReceiver@2487ef8f: Received a packet despite null clientWorld.
8.1.0 04-09-2020 01:52:29 ERROR: org.millenaire.client.network.ClientReceiver@2487ef8f: Received a packet despite null clientWorld.
8.1.0 04-09-2020 01:52:29 ERROR: org.millenaire.client.network.ClientReceiver@2487ef8f: Received a packet despite null clientWorld.
8.1.0 04-09-2020 01:52:30 ERROR: org.millenaire.client.network.ClientReceiver@2487ef8f: Received a packet despite null clientWorld.
8.1.0 04-09-2020 01:52:30 ERROR: org.millenaire.client.network.ClientReceiver@2487ef8f: Received a packet despite null clientWorld.
8.1.0 04-09-2020 01:52:30 ERROR: org.millenaire.client.network.ClientReceiver@2487ef8f: Received a packet despite null clientWorld.
8.1.0 04-09-2020 01:52:32 ERROR: org.millenaire.client.network.ClientReceiver@2487ef8f: Received a packet despite null clientWorld.
8.1.0 04-09-2020 01:52:32 ERROR: org.millenaire.client.network.ClientReceiver@2487ef8f: Received a packet despite null clientWorld.
8.1.0 04-09-2020 01:52:32 ERROR: org.millenaire.client.network.ClientReceiver@2487ef8f: Received a packet despite null clientWorld.
8.1.0 04-09-2020 01:52:32 ERROR: org.millenaire.client.network.ClientReceiver@2487ef8f: Received a packet despite null clientWorld.
8.1.0 04-09-2020 01:52:32 ERROR: org.millenaire.client.network.ClientReceiver@2487ef8f: Received a packet despite null clientWorld.
8.1.0 04-09-2020 01:52:32 ERROR: org.millenaire.client.network.ClientReceiver@2487ef8f: Received a packet despite null clientWorld.
8.1.0 04-09-2020 01:52:32 ERROR: org.millenaire.client.network.ClientReceiver@2487ef8f: Received a packet despite null clientWorld.
8.1.0 04-09-2020 01:52:32 ERROR: org.millenaire.client.network.ClientReceiver@2487ef8f: Received a packet despite null clientWorld.
8.1.0 04-09-2020 01:52:32 ERROR: org.millenaire.client.network.ClientReceiver@2487ef8f: Received a packet despite null clientWorld.
8.1.0 04-09-2020 01:52:32 ERROR: org.millenaire.client.network.ClientReceiver@2487ef8f: Received a packet despite null clientWorld.
8.1.0 04-09-2020 01:52:32 ERROR: org.millenaire.client.network.ClientReceiver@2487ef8f: Received a packet despite null clientWorld.
8.1.0 04-09-2020 01:52:32 ERROR: org.millenaire.client.network.ClientReceiver@2487ef8f: Received a packet despite null clientWorld.
8.1.0 04-09-2020 01:52:32 ERROR: org.millenaire.client.network.ClientReceiver@2487ef8f: Received a packet despite null clientWorld.
8.1.0 04-09-2020 01:52:32 ERROR: org.millenaire.client.network.ClientReceiver@2487ef8f: Received a packet despite null clientWorld.
8.1.0 04-09-2020 01:52:32 ERROR: org.millenaire.client.network.ClientReceiver@2487ef8f: Received a packet despite null clientWorld.
8.1.0 04-09-2020 01:52:32 ERROR: org.millenaire.client.network.ClientReceiver@2487ef8f: Received a packet despite null clientWorld.
8.1.0 04-09-2020 01:52:32 ERROR: org.millenaire.client.network.ClientReceiver@2487ef8f: Received a packet despite null clientWorld.
8.1.0 04-09-2020 01:52:32 ERROR: org.millenaire.client.network.ClientReceiver@2487ef8f: Received a packet despite null clientWorld.
8.1.0 04-09-2020 01:52:32 ERROR: org.millenaire.client.network.ClientReceiver@2487ef8f: Received a packet despite null clientWorld.
8.1.0 04-09-2020 01:52:32 ERROR: org.millenaire.client.network.ClientReceiver@2487ef8f: Received a packet despite null clientWorld.
8.1.0 04-09-2020 01:52:32 ERROR: org.millenaire.client.network.ClientReceiver@2487ef8f: Received a packet despite null clientWorld.
8.1.0 04-09-2020 01:52:32 ERROR: org.millenaire.client.network.ClientReceiver@2487ef8f: Received a packet despite null clientWorld.
8.1.0 04-09-2020 01:52:32 ERROR: org.millenaire.client.network.ClientReceiver@2487ef8f: Received a packet despite null clientWorld.
8.1.0 04-09-2020 01:52:32 ERROR: org.millenaire.client.network.ClientReceiver@2487ef8f: Received a packet despite null clientWorld.
8.1.0 04-09-2020 01:52:32 ERROR: org.millenaire.client.network.ClientReceiver@2487ef8f: Received a packet despite null clientWorld.
8.1.0 04-09-2020 01:52:32 ERROR: org.millenaire.client.network.ClientReceiver@2487ef8f: Received a packet despite null clientWorld.
8.1.0 04-09-2020 01:52:32 ERROR: org.millenaire.client.network.ClientReceiver@2487ef8f: Received a packet despite null clientWorld.
8.1.0 04-09-2020 01:52:32 ERROR: org.millenaire.client.network.ClientReceiver@2487ef8f: Received a packet despite null clientWorld.
8.1.0 04-09-2020 01:52:32 ERROR: org.millenaire.client.network.ClientReceiver@2487ef8f: Received a packet despite null clientWorld.
8.1.0 04-09-2020 01:52:32 ERROR: org.millenaire.client.network.ClientReceiver@2487ef8f: Received a packet despite null clientWorld.
8.1.0 04-09-2020 01:52:32 ERROR: org.millenaire.client.network.ClientReceiver@2487ef8f: Received a packet despite null clientWorld.
8.1.0 04-09-2020 01:52:32 ERROR: org.millenaire.client.network.ClientReceiver@2487ef8f: Received a packet despite null clientWorld.
8.1.0 04-09-2020 01:52:32 ERROR: org.millenaire.client.network.ClientReceiver@2487ef8f: Received a packet despite null clientWorld.
8.1.0 04-09-2020 01:52:32 ERROR: org.millenaire.client.network.ClientReceiver@2487ef8f: Received a packet despite null clientWorld.
8.1.0 04-09-2020 01:52:32 ERROR: org.millenaire.client.network.ClientReceiver@2487ef8f: Received a packet despite null clientWorld.
8.1.0 04-09-2020 01:52:32 ERROR: org.millenaire.client.network.ClientReceiver@2487ef8f: Received a packet despite null clientWorld.
8.1.0 04-09-2020 01:52:32 ERROR: org.millenaire.client.network.ClientReceiver@2487ef8f: Received a packet despite null clientWorld.
8.1.0 04-09-2020 01:52:32 ERROR: org.millenaire.client.network.ClientReceiver@2487ef8f: Received a packet despite null clientWorld.
8.1.0 04-09-2020 01:52:32 ERROR: org.millenaire.client.network.ClientReceiver@2487ef8f: Received a packet despite null clientWorld.
8.1.0 04-09-2020 01:52:32 ERROR: org.millenaire.client.network.ClientReceiver@2487ef8f: Received a packet despite null clientWorld.
8.1.0 04-09-2020 01:52:32 ERROR: org.millenaire.client.network.ClientReceiver@2487ef8f: Received a packet despite null clientWorld.
8.1.0 04-09-2020 01:52:32 ERROR: org.millenaire.client.network.ClientReceiver@2487ef8f: Received a packet despite null clientWorld.
8.1.0 04-09-2020 01:52:32 ERROR: org.millenaire.client.network.ClientReceiver@2487ef8f: Received a packet despite null clientWorld.
8.1.0 04-09-2020 01:52:32 ERROR: org.millenaire.client.network.ClientReceiver@2487ef8f: Received a packet despite null clientWorld.
8.1.0 04-09-2020 01:52:32 ERROR: org.millenaire.client.network.ClientReceiver@2487ef8f: Received a packet despite null clientWorld.
8.1.0 04-09-2020 01:52:32 ERROR: org.millenaire.client.network.ClientReceiver@2487ef8f: Received a packet despite null clientWorld.
8.1.0 04-09-2020 01:52:32 ERROR: org.millenaire.client.network.ClientReceiver@2487ef8f: Received a packet despite null clientWorld.
8.1.0 04-09-2020 01:52:32 ERROR: org.millenaire.client.network.ClientReceiver@2487ef8f: Received a packet despite null clientWorld.
8.1.0 04-09-2020 01:52:32 ERROR: org.millenaire.client.network.ClientReceiver@2487ef8f: Received a packet despite null clientWorld.
8.1.0 04-09-2020 01:52:32 ERROR: org.millenaire.client.network.ClientReceiver@2487ef8f: Received a packet despite null clientWorld.
8.1.0 04-09-2020 01:52:32 ERROR: org.millenaire.client.network.ClientReceiver@2487ef8f: Received a packet despite null clientWorld.
8.1.0 04-09-2020 01:52:32 ERROR: org.millenaire.client.network.ClientReceiver@2487ef8f: Received a packet despite null clientWorld.
8.1.0 04-09-2020 01:52:32 ERROR: org.millenaire.client.network.ClientReceiver@2487ef8f: Received a packet despite null clientWorld.
8.1.0 04-09-2020 01:52:55 Starting new session. Mods: examplemod 
8.1.0 04-09-2020 01:53:19 MAJOR: null: Loading language: en_us
8.1.0 04-09-2020 01:53:21 MAJOR: null: LanguageData loaded: en_us. Wand invitem name: Wand of Summoning
8.1.0 04-09-2020 21:59:07 Starting new session. Mods: examplemod 
8.1.0 04-09-2020 21:59:38 MAJOR: null: Loading language: en_us
8.1.0 04-09-2020 21:59:47 MAJOR: null: LanguageData loaded: en_us. Wand invitem name: Wand of Summoning
8.1.0 05-09-2020 02:16:40 Starting new session. Mods: examplemod 
8.1.0 05-09-2020 02:17:02 MAJOR: null: Loading language: en_us
8.1.0 05-09-2020 02:17:05 MAJOR: null: LanguageData loaded: en_us. Wand invitem name: Wand of Summoning
8.1.0 05-09-2020 18:18:13 Starting new session. Mods: examplemod 
8.1.0 05-09-2020 18:18:41 MAJOR: null: Loading language: en_us
8.1.0 05-09-2020 18:18:48 MAJOR: null: LanguageData loaded: en_us. Wand invitem name: Wand of Summoning
8.1.0 05-09-2020 18:43:50 Starting new session. Mods: examplemod 
8.1.0 05-09-2020 18:44:16 MAJOR: null: Loading language: en_us
8.1.0 05-09-2020 18:44:18 MAJOR: null: LanguageData loaded: en_us. Wand invitem name: Wand of Summoning
8.1.0 05-09-2020 20:03:08 Starting new session. Mods: examplemod 
8.1.0 05-09-2020 20:03:35 MAJOR: null: Loading language: en_us
8.1.0 05-09-2020 20:03:37 MAJOR: null: LanguageData loaded: en_us. Wand invitem name: Wand of Summoning
8.1.0 05-09-2020 20:35:21 Starting new session. Mods: examplemod 
8.1.0 05-09-2020 20:35:48 MAJOR: null: Loading language: en_us
8.1.0 05-09-2020 20:35:50 MAJOR: null: LanguageData loaded: en_us. Wand invitem name: Wand of Summoning
8.1.0 05-09-2020 22:30:16 Starting new session. Mods: examplemod 
8.1.0 05-09-2020 22:30:51 MAJOR: null: Loading language: en_us
8.1.0 05-09-2020 22:30:53 MAJOR: null: LanguageData loaded: en_us. Wand invitem name: Wand of Summoning
8.1.0 05-09-2020 23:56:13 Starting new session. Mods: examplemod 
8.1.0 05-09-2020 23:56:49 MAJOR: null: Loading language: en_us
8.1.0 05-09-2020 23:56:51 MAJOR: null: LanguageData loaded: en_us. Wand invitem name: Wand of Summoning
8.1.0 06-09-2020 00:31:37 Starting new session. Mods: examplemod 
8.1.0 06-09-2020 00:32:13 MAJOR: null: Loading language: en_us
8.1.0 06-09-2020 00:32:15 MAJOR: null: LanguageData loaded: en_us. Wand invitem name: Wand of Summoning
8.1.0 06-09-2020 20:38:49 Starting new session. Mods: examplemod 
8.1.0 06-09-2020 20:39:21 MAJOR: null: Loading language: en_us
8.1.0 06-09-2020 20:39:23 MAJOR: null: LanguageData loaded: en_us. Wand invitem name: Wand of Summoning
8.1.0 06-09-2020 23:31:17 Starting new session. Mods: examplemod 
8.1.0 06-09-2020 23:31:50 MAJOR: null: Loading language: en_us
8.1.0 06-09-2020 23:31:52 MAJOR: null: LanguageData loaded: en_us. Wand invitem name: Wand of Summoning
8.1.0 07-09-2020 00:09:30 Error in ClientReceiver.onPacketData:
8.1.0 07-09-2020 00:09:30 java.lang.NullPointerException
	at org.millenaire.client.network.ClientReceiver.processPacket(ClientReceiver.java:83)
	at org.millenaire.client.network.ClientReceiver.access$000(ClientReceiver.java:39)
	at org.millenaire.client.network.ClientReceiver$1.run(ClientReceiver.java:71)
	at java.util.concurrent.Executors$RunnableAdapter.call(Executors.java:511)
	at java.util.concurrent.FutureTask.run(FutureTask.java:266)
	at net.minecraft.util.Util.func_181617_a(Util.java:47)
	at net.minecraft.client.Minecraft.func_71411_J(Minecraft.java:1088)
	at net.minecraft.client.Minecraft.func_99999_d(Minecraft.java:398)
	at net.minecraft.client.main.Main.main(SourceFile:123)
	at sun.reflect.NativeMethodAccessorImpl.invoke0(Native Method)
	at sun.reflect.NativeMethodAccessorImpl.invoke(NativeMethodAccessorImpl.java:62)
	at sun.reflect.DelegatingMethodAccessorImpl.invoke(DelegatingMethodAccessorImpl.java:43)
	at java.lang.reflect.Method.invoke(Method.java:497)
	at net.minecraft.launchwrapper.Launch.launch(Launch.java:135)
	at net.minecraft.launchwrapper.Launch.main(Launch.java:28)

8.1.0 07-09-2020 00:10:14 Starting new session. Mods: examplemod 
8.1.0 07-09-2020 00:10:47 MAJOR: null: Loading language: en_us
8.1.0 07-09-2020 00:10:49 MAJOR: null: LanguageData loaded: en_us. Wand invitem name: Wand of Summoning
8.1.0 07-09-2020 00:57:28 ERROR: org.millenaire.common.entity.TileEntityLockedChest@15152929: Received a null stack!
8.1.0 07-09-2020 00:57:28 ERROR: org.millenaire.common.entity.TileEntityLockedChest@15152929: Received a null stack!
8.1.0 07-09-2020 00:57:28 ERROR: org.millenaire.common.entity.TileEntityLockedChest@15152929: Received a null stack!
8.1.0 07-09-2020 00:57:40 ERROR: org.millenaire.common.entity.TileEntityLockedChest@15152929: Received a null stack!
8.1.0 07-09-2020 00:57:40 ERROR: org.millenaire.common.entity.TileEntityLockedChest@15152929: Received a null stack!
8.1.0 07-09-2020 00:57:40 ERROR: org.millenaire.common.entity.TileEntityLockedChest@15152929: Received a null stack!
8.1.0 07-09-2020 00:57:41 ERROR: org.millenaire.common.entity.TileEntityLockedChest@15152929: Received a null stack!
8.1.0 07-09-2020 00:57:41 ERROR: org.millenaire.common.entity.TileEntityLockedChest@15152929: Received a null stack!
8.1.0 07-09-2020 00:57:41 ERROR: org.millenaire.common.entity.TileEntityLockedChest@15152929: Received a null stack!
8.1.0 07-09-2020 00:58:51 ERROR: org.millenaire.common.entity.TileEntityLockedChest@15152929: Received a null stack!
8.1.0 07-09-2020 00:58:51 ERROR: org.millenaire.common.entity.TileEntityLockedChest@15152929: Received a null stack!
8.1.0 07-09-2020 00:58:51 ERROR: org.millenaire.common.entity.TileEntityLockedChest@15152929: Received a null stack!
8.1.0 07-09-2020 00:59:33 ERROR: org.millenaire.common.entity.TileEntityLockedChest@15152929: Received a null stack!
8.1.0 07-09-2020 00:59:33 ERROR: org.millenaire.common.entity.TileEntityLockedChest@15152929: Received a null stack!
8.1.0 07-09-2020 00:59:33 ERROR: org.millenaire.common.entity.TileEntityLockedChest@15152929: Received a null stack!
8.1.0 07-09-2020 01:00:07 ERROR: org.millenaire.common.entity.TileEntityLockedChest@15152929: Received a null stack!
8.1.0 07-09-2020 01:00:07 ERROR: org.millenaire.common.entity.TileEntityLockedChest@15152929: Received a null stack!
8.1.0 07-09-2020 01:00:07 ERROR: org.millenaire.common.entity.TileEntityLockedChest@15152929: Received a null stack!
8.1.0 07-09-2020 01:03:45 ERROR: org.millenaire.common.entity.TileEntityLockedChest@15152929: Received a null stack!
8.1.0 07-09-2020 01:03:45 ERROR: org.millenaire.common.entity.TileEntityLockedChest@15152929: Received a null stack!
8.1.0 07-09-2020 01:03:45 ERROR: org.millenaire.common.entity.TileEntityLockedChest@15152929: Received a null stack!
8.1.0 07-09-2020 01:03:58 ERROR: org.millenaire.common.entity.TileEntityLockedChest@15152929: Received a null stack!
8.1.0 07-09-2020 01:03:58 ERROR: org.millenaire.common.entity.TileEntityLockedChest@15152929: Received a null stack!
8.1.0 07-09-2020 01:03:58 ERROR: org.millenaire.common.entity.TileEntityLockedChest@15152929: Received a null stack!
8.1.0 07-09-2020 01:04:55 ERROR: org.millenaire.common.entity.TileEntityLockedChest@15152929: Received a null stack!
8.1.0 07-09-2020 01:04:55 ERROR: org.millenaire.common.entity.TileEntityLockedChest@15152929: Received a null stack!
8.1.0 07-09-2020 01:04:55 ERROR: org.millenaire.common.entity.TileEntityLockedChest@15152929: Received a null stack!
8.1.0 07-09-2020 01:13:13 ERROR: org.millenaire.common.entity.TileEntityLockedChest@15152929: Received a null stack!
8.1.0 07-09-2020 01:13:13 ERROR: org.millenaire.common.entity.TileEntityLockedChest@15152929: Received a null stack!
8.1.0 07-09-2020 01:13:13 ERROR: org.millenaire.common.entity.TileEntityLockedChest@15152929: Received a null stack!
8.1.0 07-09-2020 01:16:06 ERROR: org.millenaire.common.entity.TileEntityLockedChest@15152929: Received a null stack!
8.1.0 07-09-2020 01:16:06 ERROR: org.millenaire.common.entity.TileEntityLockedChest@15152929: Received a null stack!
8.1.0 07-09-2020 01:16:06 ERROR: org.millenaire.common.entity.TileEntityLockedChest@15152929: Received a null stack!
8.1.0 07-09-2020 01:17:30 ERROR: org.millenaire.common.entity.TileEntityLockedChest@15152929: Received a null stack!
8.1.0 07-09-2020 01:17:30 ERROR: org.millenaire.common.entity.TileEntityLockedChest@15152929: Received a null stack!
8.1.0 07-09-2020 01:17:30 ERROR: org.millenaire.common.entity.TileEntityLockedChest@15152929: Received a null stack!
8.1.0 07-09-2020 01:17:57 ERROR: org.millenaire.common.entity.TileEntityLockedChest@15152929: Received a null stack!
8.1.0 07-09-2020 01:17:57 ERROR: org.millenaire.common.entity.TileEntityLockedChest@15152929: Received a null stack!
8.1.0 07-09-2020 01:17:57 ERROR: org.millenaire.common.entity.TileEntityLockedChest@15152929: Received a null stack!
8.1.0 07-09-2020 01:17:59 ERROR: org.millenaire.common.entity.TileEntityLockedChest@15152929: Received a null stack!
8.1.0 07-09-2020 01:17:59 ERROR: org.millenaire.common.entity.TileEntityLockedChest@15152929: Received a null stack!
8.1.0 07-09-2020 01:17:59 ERROR: org.millenaire.common.entity.TileEntityLockedChest@15152929: Received a null stack!
8.1.0 07-09-2020 01:18:03 ERROR: org.millenaire.common.entity.TileEntityLockedChest@15152929: Received a null stack!
8.1.0 07-09-2020 01:18:03 ERROR: org.millenaire.common.entity.TileEntityLockedChest@15152929: Received a null stack!
8.1.0 07-09-2020 01:18:03 ERROR: org.millenaire.common.entity.TileEntityLockedChest@15152929: Received a null stack!
8.1.0 07-09-2020 01:20:56 ERROR: org.millenaire.common.entity.TileEntityLockedChest@15152929: Received a null stack!
8.1.0 07-09-2020 01:20:56 ERROR: org.millenaire.common.entity.TileEntityLockedChest@15152929: Received a null stack!
8.1.0 07-09-2020 01:20:56 ERROR: org.millenaire.common.entity.TileEntityLockedChest@15152929: Received a null stack!
8.1.0 07-09-2020 01:30:20 ERROR: org.millenaire.common.entity.TileEntityLockedChest@15152929: Received a null stack!
8.1.0 07-09-2020 01:30:20 ERROR: org.millenaire.common.entity.TileEntityLockedChest@15152929: Received a null stack!
8.1.0 07-09-2020 01:30:20 ERROR: org.millenaire.common.entity.TileEntityLockedChest@15152929: Received a null stack!
8.1.0 07-09-2020 03:27:52 ERROR: org.millenaire.common.entity.TileEntityLockedChest@17771a7b: Received a null stack!
8.1.0 07-09-2020 03:27:52 ERROR: org.millenaire.common.entity.TileEntityLockedChest@17771a7b: Received a null stack!
8.1.0 07-09-2020 03:27:52 ERROR: org.millenaire.common.entity.TileEntityLockedChest@17771a7b: Received a null stack!
8.1.0 07-09-2020 03:45:13 ERROR: org.millenaire.common.entity.TileEntityLockedChest@3f48587c: Received a null stack!
8.1.0 07-09-2020 03:45:13 ERROR: org.millenaire.common.entity.TileEntityLockedChest@3f48587c: Received a null stack!
8.1.0 07-09-2020 03:45:13 ERROR: org.millenaire.common.entity.TileEntityLockedChest@3f48587c: Received a null stack!
8.1.0 07-09-2020 03:47:44 ERROR: org.millenaire.common.entity.TileEntityLockedChest@3f48587c: Received a null stack!
8.1.0 07-09-2020 03:47:44 ERROR: org.millenaire.common.entity.TileEntityLockedChest@3f48587c: Received a null stack!
8.1.0 07-09-2020 03:47:44 ERROR: org.millenaire.common.entity.TileEntityLockedChest@3f48587c: Received a null stack!
8.1.0 07-09-2020 12:47:07 Starting new session. Mods: examplemod 
8.1.0 07-09-2020 12:48:06 MAJOR: null: Loading language: en_us
8.1.0 07-09-2020 12:48:16 MAJOR: null: LanguageData loaded: en_us. Wand invitem name: Wand of Summoning
